000 (229665.000.000) 2021-12-13 16:50:33 Job submitted from host: <128.104.100.148:9618?addrs=128.104.100.148-9618+[2607-f388-107c-501-216-3eff-feb2-bc11]-9618&alias=learn.chtc.wisc.edu&noUDP&sock=schedd_1169_6a4d>
...
000 (229665.001.000) 2021-12-13 16:50:33 Job submitted from host: <128.104.100.148:9618?addrs=128.104.100.148-9618+[2607-f388-107c-501-216-3eff-feb2-bc11]-9618&alias=learn.chtc.wisc.edu&noUDP&sock=schedd_1169_6a4d>
...
000 (229665.002.000) 2021-12-13 16:50:33 Job submitted from host: <128.104.100.148:9618?addrs=128.104.100.148-9618+[2607-f388-107c-501-216-3eff-feb2-bc11]-9618&alias=learn.chtc.wisc.edu&noUDP&sock=schedd_1169_6a4d>
...
000 (229665.003.000) 2021-12-13 16:50:33 Job submitted from host: <128.104.100.148:9618?addrs=128.104.100.148-9618+[2607-f388-107c-501-216-3eff-feb2-bc11]-9618&alias=learn.chtc.wisc.edu&noUDP&sock=schedd_1169_6a4d>
...
000 (229665.004.000) 2021-12-13 16:50:33 Job submitted from host: <128.104.100.148:9618?addrs=128.104.100.148-9618+[2607-f388-107c-501-216-3eff-feb2-bc11]-9618&alias=learn.chtc.wisc.edu&noUDP&sock=schedd_1169_6a4d>
...
000 (229665.005.000) 2021-12-13 16:50:33 Job submitted from host: <128.104.100.148:9618?addrs=128.104.100.148-9618+[2607-f388-107c-501-216-3eff-feb2-bc11]-9618&alias=learn.chtc.wisc.edu&noUDP&sock=schedd_1169_6a4d>
...
000 (229665.006.000) 2021-12-13 16:50:33 Job submitted from host: <128.104.100.148:9618?addrs=128.104.100.148-9618+[2607-f388-107c-501-216-3eff-feb2-bc11]-9618&alias=learn.chtc.wisc.edu&noUDP&sock=schedd_1169_6a4d>
...
000 (229665.007.000) 2021-12-13 16:50:33 Job submitted from host: <128.104.100.148:9618?addrs=128.104.100.148-9618+[2607-f388-107c-501-216-3eff-feb2-bc11]-9618&alias=learn.chtc.wisc.edu&noUDP&sock=schedd_1169_6a4d>
...
000 (229665.008.000) 2021-12-13 16:50:33 Job submitted from host: <128.104.100.148:9618?addrs=128.104.100.148-9618+[2607-f388-107c-501-216-3eff-feb2-bc11]-9618&alias=learn.chtc.wisc.edu&noUDP&sock=schedd_1169_6a4d>
...
000 (229665.009.000) 2021-12-13 16:50:33 Job submitted from host: <128.104.100.148:9618?addrs=128.104.100.148-9618+[2607-f388-107c-501-216-3eff-feb2-bc11]-9618&alias=learn.chtc.wisc.edu&noUDP&sock=schedd_1169_6a4d>
...
040 (229665.002.000) 2021-12-13 16:51:12 Started transferring input files
	Transferring to host: <128.104.58.201:9618?addrs=128.104.58.201-9618+[2607-f388-1086-0-226-9eff-fe2b-bc59]-9618&alias=e466.chtc.wisc.edu&noUDP&sock=slot1_7_19298_efca_40602>
...
040 (229665.001.000) 2021-12-13 16:51:12 Started transferring input files
	Transferring to host: <128.105.245.122:9618?addrs=128.105.245.122-9618&alias=e322.chtc.wisc.edu&noUDP&sock=slot1_19_17955_abf3_45413>
...
040 (229665.007.000) 2021-12-13 16:51:13 Started transferring input files
	Transferring to host: <128.105.244.37:9618?addrs=128.105.244.37-9618&alias=e3168.chtc.wisc.edu&noUDP&sock=slot1_7_30935_4183_41490>
...
040 (229665.003.000) 2021-12-13 16:51:13 Started transferring input files
	Transferring to host: <128.105.245.146:9618?addrs=128.105.245.146-9618&alias=e346.chtc.wisc.edu&noUDP&sock=slot1_5_19577_8475_45209>
...
040 (229665.006.000) 2021-12-13 16:51:13 Started transferring input files
	Transferring to host: <128.105.244.171:9618?addrs=128.105.244.171-9618&alias=e3001.chtc.wisc.edu&noUDP&sock=slot1_9_22100_32fc_40255>
...
040 (229665.005.000) 2021-12-13 16:51:13 Started transferring input files
	Transferring to host: <128.105.245.158:9618?addrs=128.105.245.158-9618&alias=e2358.chtc.wisc.edu&noUDP&sock=slot1_30_27608_155c_46512>
...
040 (229665.000.000) 2021-12-13 16:51:13 Started transferring input files
	Transferring to host: <128.105.245.172:9618?addrs=128.105.245.172-9618&alias=e2372.chtc.wisc.edu&noUDP&sock=slot1_19_34474_cd33_45483>
...
040 (229665.009.000) 2021-12-13 16:51:13 Started transferring input files
	Transferring to host: <128.105.245.132:9618?addrs=128.105.245.132-9618&alias=e2332.chtc.wisc.edu&noUDP&sock=slot1_6_3665_12ee_24040>
...
040 (229665.004.000) 2021-12-13 16:51:14 Started transferring input files
	Transferring to host: <128.105.68.127:9618?addrs=128.105.68.127-9618&alias=e441.chtc.wisc.edu&noUDP&sock=slot1_38_3122_7b38_14301>
...
040 (229665.001.000) 2021-12-13 16:51:15 Finished transferring input files
...
040 (229665.007.000) 2021-12-13 16:51:16 Finished transferring input files
...
040 (229665.002.000) 2021-12-13 16:51:16 Finished transferring input files
...
001 (229665.001.000) 2021-12-13 16:51:16 Job executing on host: <128.105.245.122:9618?addrs=128.105.245.122-9618&alias=e322.chtc.wisc.edu&noUDP&sock=startd_2404_85c3>
...
040 (229665.008.000) 2021-12-13 16:51:17 Started transferring input files
	Transferring to host: <128.105.245.155:9618?addrs=128.105.245.155-9618&alias=e355.chtc.wisc.edu&noUDP&sock=slot1_37_6817_f16e_45310>
...
001 (229665.007.000) 2021-12-13 16:51:17 Job executing on host: <128.105.244.37:9618?addrs=128.105.244.37-9618&alias=e3168.chtc.wisc.edu&noUDP&sock=startd_1581_0352>
...
040 (229665.003.000) 2021-12-13 16:51:17 Finished transferring input files
...
001 (229665.002.000) 2021-12-13 16:51:17 Job executing on host: <128.104.58.201:9618?addrs=128.104.58.201-9618+[2607-f388-1086-0-226-9eff-fe2b-bc59]-9618&alias=e466.chtc.wisc.edu&noUDP&sock=startd_3896_e911>
...
001 (229665.003.000) 2021-12-13 16:51:18 Job executing on host: <128.105.245.146:9618?addrs=128.105.245.146-9618&alias=e346.chtc.wisc.edu&noUDP&sock=startd_26701_3e5b>
...
040 (229665.000.000) 2021-12-13 16:51:18 Finished transferring input files
...
040 (229665.009.000) 2021-12-13 16:51:19 Finished transferring input files
...
040 (229665.005.000) 2021-12-13 16:51:19 Finished transferring input files
...
001 (229665.000.000) 2021-12-13 16:51:19 Job executing on host: <128.105.245.172:9618?addrs=128.105.245.172-9618&alias=e2372.chtc.wisc.edu&noUDP&sock=startd_27233_26bd>
...
001 (229665.009.000) 2021-12-13 16:51:20 Job executing on host: <128.105.245.132:9618?addrs=128.105.245.132-9618&alias=e2332.chtc.wisc.edu&noUDP&sock=startd_2986_b9e2>
...
001 (229665.005.000) 2021-12-13 16:51:20 Job executing on host: <128.105.245.158:9618?addrs=128.105.245.158-9618&alias=e2358.chtc.wisc.edu&noUDP&sock=startd_2758_564a>
...
040 (229665.008.000) 2021-12-13 16:51:24 Finished transferring input files
...
006 (229665.007.000) 2021-12-13 16:51:25 Image size of job updated: 149304
	143  -  MemoryUsage of job (MB)
	145740  -  ResidentSetSize of job (KB)
...
001 (229665.008.000) 2021-12-13 16:51:25 Job executing on host: <128.105.245.155:9618?addrs=128.105.245.155-9618&alias=e355.chtc.wisc.edu&noUDP&sock=startd_2775_ff66>
...
006 (229665.001.000) 2021-12-13 16:51:25 Image size of job updated: 301200
	291  -  MemoryUsage of job (MB)
	297504  -  ResidentSetSize of job (KB)
...
040 (229665.004.000) 2021-12-13 16:51:26 Finished transferring input files
...
006 (229665.002.000) 2021-12-13 16:51:26 Image size of job updated: 170820
	164  -  MemoryUsage of job (MB)
	167388  -  ResidentSetSize of job (KB)
...
006 (229665.003.000) 2021-12-13 16:51:27 Image size of job updated: 164744
	156  -  MemoryUsage of job (MB)
	159464  -  ResidentSetSize of job (KB)
...
001 (229665.004.000) 2021-12-13 16:51:27 Job executing on host: <128.105.68.127:9618?addrs=128.105.68.127-9618&alias=e441.chtc.wisc.edu&noUDP&sock=startd_2694_703a>
...
006 (229665.000.000) 2021-12-13 16:51:28 Image size of job updated: 47880
	44  -  MemoryUsage of job (MB)
	44448  -  ResidentSetSize of job (KB)
...
040 (229665.006.000) 2021-12-13 16:51:28 Finished transferring input files
...
006 (229665.009.000) 2021-12-13 16:51:28 Image size of job updated: 116224
	111  -  MemoryUsage of job (MB)
	113056  -  ResidentSetSize of job (KB)
...
001 (229665.006.000) 2021-12-13 16:51:29 Job executing on host: <128.105.244.171:9618?addrs=128.105.244.171-9618&alias=e3001.chtc.wisc.edu&noUDP&sock=startd_9199_53cc>
...
006 (229665.005.000) 2021-12-13 16:51:29 Image size of job updated: 32688
	30  -  MemoryUsage of job (MB)
	30180  -  ResidentSetSize of job (KB)
...
006 (229665.005.000) 2021-12-13 16:51:30 Image size of job updated: 37308
	34  -  MemoryUsage of job (MB)
	34800  -  ResidentSetSize of job (KB)
...
040 (229665.005.000) 2021-12-13 16:51:30 Started transferring output files
...
040 (229665.005.000) 2021-12-13 16:51:30 Finished transferring output files
...
005 (229665.005.000) 2021-12-13 16:51:30 Job terminated.
	(1) Normal termination (return value 1)
		Usr 0 00:00:01, Sys 0 00:00:00  -  Run Remote Usage
		Usr 0 00:00:00, Sys 0 00:00:00  -  Run Local Usage
		Usr 0 00:00:01, Sys 0 00:00:00  -  Total Remote Usage
		Usr 0 00:00:00, Sys 0 00:00:00  -  Total Local Usage
	220  -  Run Bytes Sent By Job
	2922107  -  Run Bytes Received By Job
	220  -  Total Bytes Sent By Job
	2922107  -  Total Bytes Received By Job
	Partitionable Resources :    Usage  Request Allocated 
	   Cpus                 :                 1         1 
	   Disk (KB)            :   141582   512000   1004583 
	   IoHeavy              :                           0 
	   Memory (MB)          :       34     2048      2048 

	Job terminated of its own accord at 2021-12-13T22:51:30Z with exit-code 1.
...
006 (229665.001.000) 2021-12-13 16:51:31 Image size of job updated: 373176
	291  -  MemoryUsage of job (MB)
	297504  -  ResidentSetSize of job (KB)
...
006 (229665.000.000) 2021-12-13 16:51:31 Image size of job updated: 250108
	44  -  MemoryUsage of job (MB)
	44712  -  ResidentSetSize of job (KB)
...
040 (229665.001.000) 2021-12-13 16:51:31 Started transferring output files
...
040 (229665.000.000) 2021-12-13 16:51:31 Started transferring output files
...
040 (229665.000.000) 2021-12-13 16:51:31 Finished transferring output files
...
005 (229665.000.000) 2021-12-13 16:51:31 Job terminated.
	(1) Normal termination (return value 0)
		Usr 0 00:00:04, Sys 0 00:00:00  -  Run Remote Usage
		Usr 0 00:00:00, Sys 0 00:00:00  -  Run Local Usage
		Usr 0 00:00:04, Sys 0 00:00:00  -  Total Remote Usage
		Usr 0 00:00:00, Sys 0 00:00:00  -  Total Local Usage
	4365882  -  Run Bytes Sent By Job
	6440595  -  Run Bytes Received By Job
	4365882  -  Total Bytes Sent By Job
	6440595  -  Total Bytes Received By Job
	Partitionable Resources :    Usage  Request Allocated 
	   Cpus                 :                 1         1 
	   Disk (KB)            :   149282   512000    880636 
	   IoHeavy              :                           0 
	   Memory (MB)          :       44     2048      2048 

	Job terminated of its own accord at 2021-12-13T22:51:31Z with exit-code 0.
...
040 (229665.001.000) 2021-12-13 16:51:31 Finished transferring output files
...
005 (229665.001.000) 2021-12-13 16:51:31 Job terminated.
	(1) Normal termination (return value 0)
		Usr 0 00:00:12, Sys 0 00:00:00  -  Run Remote Usage
		Usr 0 00:00:00, Sys 0 00:00:00  -  Run Local Usage
		Usr 0 00:00:12, Sys 0 00:00:00  -  Total Remote Usage
		Usr 0 00:00:00, Sys 0 00:00:00  -  Total Local Usage
	8466769  -  Run Bytes Sent By Job
	10735698  -  Run Bytes Received By Job
	8466769  -  Total Bytes Sent By Job
	10735698  -  Total Bytes Received By Job
	Partitionable Resources :    Usage  Request Allocated 
	   Cpus                 :                 1         1 
	   Disk (KB)            :   157481   512000    908012 
	   IoHeavy              :                           0 
	   Memory (MB)          :      291     2048      2048 

	Job terminated of its own accord at 2021-12-13T22:51:31Z with exit-code 0.
...
006 (229665.008.000) 2021-12-13 16:51:34 Image size of job updated: 36288
	1  -  MemoryUsage of job (MB)
	528  -  ResidentSetSize of job (KB)
...
006 (229665.004.000) 2021-12-13 16:51:36 Image size of job updated: 36288
	1  -  MemoryUsage of job (MB)
	528  -  ResidentSetSize of job (KB)
...
040 (229665.008.000) 2021-12-13 16:51:37 Started transferring output files
...
040 (229665.008.000) 2021-12-13 16:51:37 Finished transferring output files
...
005 (229665.008.000) 2021-12-13 16:51:37 Job terminated.
	(1) Normal termination (return value 0)
		Usr 0 00:00:01, Sys 0 00:00:00  -  Run Remote Usage
		Usr 0 00:00:00, Sys 0 00:00:00  -  Run Local Usage
		Usr 0 00:00:01, Sys 0 00:00:00  -  Total Remote Usage
		Usr 0 00:00:00, Sys 0 00:00:00  -  Total Local Usage
	116438  -  Run Bytes Sent By Job
	2170291  -  Run Bytes Received By Job
	116438  -  Total Bytes Sent By Job
	2170291  -  Total Bytes Received By Job
	Partitionable Resources :    Usage  Request Allocated 
	   Cpus                 :                 1         1 
	   Disk (KB)            :   140962   512000    994242 
	   IoHeavy              :                           0 
	   Memory (MB)          :        1     2048      2048 

	Job terminated of its own accord at 2021-12-13T22:51:37Z with exit-code 0.
...
006 (229665.006.000) 2021-12-13 16:51:38 Image size of job updated: 276604
	268  -  MemoryUsage of job (MB)
	273436  -  ResidentSetSize of job (KB)
...
006 (229665.006.000) 2021-12-13 16:51:49 Image size of job updated: 349588
	268  -  MemoryUsage of job (MB)
	273436  -  ResidentSetSize of job (KB)
...
040 (229665.006.000) 2021-12-13 16:51:49 Started transferring output files
...
040 (229665.006.000) 2021-12-13 16:51:49 Finished transferring output files
...
005 (229665.006.000) 2021-12-13 16:51:49 Job terminated.
	(1) Normal termination (return value 0)
		Usr 0 00:00:15, Sys 0 00:00:01  -  Run Remote Usage
		Usr 0 00:00:00, Sys 0 00:00:00  -  Run Local Usage
		Usr 0 00:00:15, Sys 0 00:00:01  -  Total Remote Usage
		Usr 0 00:00:00, Sys 0 00:00:00  -  Total Local Usage
	7930765  -  Run Bytes Sent By Job
	12447962  -  Run Bytes Received By Job
	7930765  -  Total Bytes Sent By Job
	12447962  -  Total Bytes Received By Job
	Partitionable Resources :    Usage  Request Allocated 
	   Cpus                 :                 1         1 
	   Disk (KB)            :   158629   512000  14682966 
	   IoHeavy              :                           0 
	   Memory (MB)          :      268     2048      2048 

	Job terminated of its own accord at 2021-12-13T22:51:49Z with exit-code 0.
...
006 (229665.007.000) 2021-12-13 16:51:54 Image size of job updated: 665588
	143  -  MemoryUsage of job (MB)
	145740  -  ResidentSetSize of job (KB)
...
040 (229665.007.000) 2021-12-13 16:51:54 Started transferring output files
...
040 (229665.007.000) 2021-12-13 16:51:55 Finished transferring output files
...
005 (229665.007.000) 2021-12-13 16:51:55 Job terminated.
	(1) Normal termination (return value 0)
		Usr 0 00:00:35, Sys 0 00:00:00  -  Run Remote Usage
		Usr 0 00:00:00, Sys 0 00:00:00  -  Run Local Usage
		Usr 0 00:00:35, Sys 0 00:00:00  -  Total Remote Usage
		Usr 0 00:00:00, Sys 0 00:00:00  -  Total Local Usage
	23625212  -  Run Bytes Sent By Job
	43118548  -  Run Bytes Received By Job
	23625212  -  Total Bytes Sent By Job
	43118548  -  Total Bytes Received By Job
	Partitionable Resources :    Usage  Request Allocated 
	   Cpus                 :                 1         1 
	   Disk (KB)            :   203908   512000   1365135 
	   IoHeavy              :                           0 
	   Memory (MB)          :      143     2048      2048 

	Job terminated of its own accord at 2021-12-13T22:51:54Z with exit-code 0.
...
006 (229665.009.000) 2021-12-13 16:51:59 Image size of job updated: 779452
	111  -  MemoryUsage of job (MB)
	113056  -  ResidentSetSize of job (KB)
...
040 (229665.009.000) 2021-12-13 16:51:59 Started transferring output files
...
040 (229665.009.000) 2021-12-13 16:52:00 Finished transferring output files
...
005 (229665.009.000) 2021-12-13 16:52:00 Job terminated.
	(1) Normal termination (return value 0)
		Usr 0 00:00:32, Sys 0 00:00:01  -  Run Remote Usage
		Usr 0 00:00:00, Sys 0 00:00:00  -  Run Local Usage
		Usr 0 00:00:32, Sys 0 00:00:01  -  Total Remote Usage
		Usr 0 00:00:00, Sys 0 00:00:00  -  Total Local Usage
	21553674  -  Run Bytes Sent By Job
	41849216  -  Run Bytes Received By Job
	21553674  -  Total Bytes Sent By Job
	41849216  -  Total Bytes Received By Job
	Partitionable Resources :    Usage  Request Allocated 
	   Cpus                 :                 1         1 
	   Disk (KB)            :   200645   512000    994910 
	   IoHeavy              :                           0 
	   Memory (MB)          :      111     2048      2048 

	Job terminated of its own accord at 2021-12-13T22:51:59Z with exit-code 0.
...
006 (229665.004.000) 2021-12-13 16:52:06 Image size of job updated: 530748
	1  -  MemoryUsage of job (MB)
	528  -  ResidentSetSize of job (KB)
...
040 (229665.004.000) 2021-12-13 16:52:06 Started transferring output files
...
040 (229665.004.000) 2021-12-13 16:52:07 Finished transferring output files
...
005 (229665.004.000) 2021-12-13 16:52:07 Job terminated.
	(1) Normal termination (return value 0)
		Usr 0 00:00:24, Sys 0 00:00:01  -  Run Remote Usage
		Usr 0 00:00:00, Sys 0 00:00:00  -  Run Local Usage
		Usr 0 00:00:24, Sys 0 00:00:01  -  Total Remote Usage
		Usr 0 00:00:00, Sys 0 00:00:00  -  Total Local Usage
	20354774  -  Run Bytes Sent By Job
	40657112  -  Run Bytes Received By Job
	20354774  -  Total Bytes Sent By Job
	40657112  -  Total Bytes Received By Job
	Partitionable Resources :    Usage  Request Allocated 
	   Cpus                 :                 1         1 
	   Disk (KB)            :   198310   512000    881019 
	   IoHeavy              :                           0 
	   Memory (MB)          :        1     2048      2048 

	Job terminated of its own accord at 2021-12-13T22:52:06Z with exit-code 0.
...
006 (229665.003.000) 2021-12-13 16:53:39 Image size of job updated: 1841928
	156  -  MemoryUsage of job (MB)
	159464  -  ResidentSetSize of job (KB)
...
040 (229665.003.000) 2021-12-13 16:53:39 Started transferring output files
...
040 (229665.003.000) 2021-12-13 16:53:40 Finished transferring output files
...
005 (229665.003.000) 2021-12-13 16:53:40 Job terminated.
	(1) Normal termination (return value 0)
		Usr 0 00:01:59, Sys 0 00:00:04  -  Run Remote Usage
		Usr 0 00:00:00, Sys 0 00:00:00  -  Run Local Usage
		Usr 0 00:01:59, Sys 0 00:00:04  -  Total Remote Usage
		Usr 0 00:00:00, Sys 0 00:00:00  -  Total Local Usage
	39584324  -  Run Bytes Sent By Job
	84853896  -  Run Bytes Received By Job
	39584324  -  Total Bytes Sent By Job
	84853896  -  Total Bytes Received By Job
	Partitionable Resources :    Usage  Request Allocated 
	   Cpus                 :                 1         1 
	   Disk (KB)            :   260250   512000   1006741 
	   IoHeavy              :                           0 
	   Memory (MB)          :      156     2048      2048 

	Job terminated of its own accord at 2021-12-13T22:53:39Z with exit-code 0.
...
006 (229665.002.000) 2021-12-13 16:54:03 Image size of job updated: 1447808
	164  -  MemoryUsage of job (MB)
	167388  -  ResidentSetSize of job (KB)
...
040 (229665.002.000) 2021-12-13 16:54:03 Started transferring output files
...
040 (229665.002.000) 2021-12-13 16:54:04 Finished transferring output files
...
005 (229665.002.000) 2021-12-13 16:54:04 Job terminated.
	(1) Normal termination (return value 0)
		Usr 0 00:02:39, Sys 0 00:00:02  -  Run Remote Usage
		Usr 0 00:00:00, Sys 0 00:00:00  -  Run Local Usage
		Usr 0 00:02:39, Sys 0 00:00:02  -  Total Remote Usage
		Usr 0 00:00:00, Sys 0 00:00:00  -  Total Local Usage
	32983044  -  Run Bytes Sent By Job
	71364736  -  Run Bytes Received By Job
	32983044  -  Total Bytes Sent By Job
	71364736  -  Total Bytes Received By Job
	Partitionable Resources :     Usage  Request Allocated 
	   Cpus                 :      1.00        1         1 
	   Disk (KB)            : 240640      512000   9193748 
	   IoHeavy              :                            0 
	   Memory (MB)          :    164        2048      2048 

	Job terminated of its own accord at 2021-12-13T22:54:03Z with exit-code 0.
...
